INFO - 2025-08-14 11:30:32 --> Session: Class initialized using 'CodeIgniter\Session\Handlers\FileHandler' driver.
INFO - 2025-08-14 11:31:29 --> Session: Class initialized using 'CodeIgniter\Session\Handlers\FileHandler' driver.
INFO - 2025-08-14 11:34:08 --> Session: Class initialized using 'CodeIgniter\Session\Handlers\FileHandler' driver.
INFO - 2025-08-14 11:35:38 --> Session: Class initialized using 'CodeIgniter\Session\Handlers\FileHandler' driver.
INFO - 2025-08-14 11:36:54 --> Session: Class initialized using 'CodeIgniter\Session\Handlers\FileHandler' driver.
INFO - 2025-08-14 11:38:20 --> Session: Class initialized using 'CodeIgniter\Session\Handlers\FileHandler' driver.
INFO - 2025-08-14 11:38:29 --> Session: Class initialized using 'CodeIgniter\Session\Handlers\FileHandler' driver.
INFO - 2025-08-14 11:40:17 --> Session: Class initialized using 'CodeIgniter\Session\Handlers\FileHandler' driver.
INFO - 2025-08-14 11:41:11 --> Session: Class initialized using 'CodeIgniter\Session\Handlers\FileHandler' driver.
INFO - 2025-08-14 11:45:25 --> Session: Class initialized using 'CodeIgniter\Session\Handlers\FileHandler' driver.
INFO - 2025-08-14 11:46:39 --> Session: Class initialized using 'CodeIgniter\Session\Handlers\FileHandler' driver.
INFO - 2025-08-14 12:01:47 --> Session: Class initialized using 'CodeIgniter\Session\Handlers\FileHandler' driver.
INFO - 2025-08-14 12:01:47 --> Session: Class initialized using 'CodeIgniter\Session\Handlers\FileHandler' driver.
INFO - 2025-08-14 12:03:39 --> Session: Class initialized using 'CodeIgniter\Session\Handlers\FileHandler' driver.
INFO - 2025-08-14 12:03:39 --> Session: Class initialized using 'CodeIgniter\Session\Handlers\FileHandler' driver.
INFO - 2025-08-14 12:03:46 --> Session: Class initialized using 'CodeIgniter\Session\Handlers\FileHandler' driver.
INFO - 2025-08-14 12:03:55 --> Session: Class initialized using 'CodeIgniter\Session\Handlers\FileHandler' driver.
WARNING - 2025-08-14 12:03:55 --> [DEPRECATED] Optional parameter $empresa declared before required parameter $orderDir is implicitly treated as a required parameter in APPPATH\Models\PrecodificacionesModel.php on line 85.
 1 SYSTEMPATH\Autoloader\Autoloader.php(317): include_once('C:\\xampp\\htdocs\\distribuidora-rex\\app\\system\\Debug\\Exceptions.php')
 2 SYSTEMPATH\Autoloader\Autoloader.php(296): CodeIgniter\Autoloader\Autoloader->includeFile('C:\\xampp\\htdocs\\distribuidora-rex\\app\\app\\Models\\PrecodificacionesModel.php')
 3 SYSTEMPATH\Autoloader\Autoloader.php(272): CodeIgniter\Autoloader\Autoloader->loadInNamespace('App\\Models\\PrecodificacionesModel')
 4 APPPATH\Controllers\comercial\PrecodificacionesController.php(28): CodeIgniter\Autoloader\Autoloader->loadClass('App\\Models\\PrecodificacionesModel')
 5 SYSTEMPATH\CodeIgniter.php(903): App\Controllers\Comercial\PrecodificacionesController->__construct()
 6 SYSTEMPATH\CodeIgniter.php(500): CodeIgniter\CodeIgniter->createController()
 7 SYSTEMPATH\CodeIgniter.php(355): CodeIgniter\CodeIgniter->handleRequest(null, Object(Config\Cache), false)
 8 SYSTEMPATH\Boot.php(325): CodeIgniter\CodeIgniter->run()
 9 SYSTEMPATH\Boot.php(67): CodeIgniter\Boot::runCodeIgniter(Object(CodeIgniter\CodeIgniter))
10 FCPATH\index.php(56): CodeIgniter\Boot::bootWeb(Object(Config\Paths))
INFO - 2025-08-14 12:04:07 --> Session: Class initialized using 'CodeIgniter\Session\Handlers\FileHandler' driver.
WARNING - 2025-08-14 12:04:07 --> [DEPRECATED] Optional parameter $empresa declared before required parameter $orderDir is implicitly treated as a required parameter in APPPATH\Models\PrecodificacionesModel.php on line 85.
 1 SYSTEMPATH\Autoloader\Autoloader.php(317): include_once('C:\\xampp\\htdocs\\distribuidora-rex\\app\\system\\Debug\\Exceptions.php')
 2 SYSTEMPATH\Autoloader\Autoloader.php(296): CodeIgniter\Autoloader\Autoloader->includeFile('C:\\xampp\\htdocs\\distribuidora-rex\\app\\app\\Models\\PrecodificacionesModel.php')
 3 SYSTEMPATH\Autoloader\Autoloader.php(272): CodeIgniter\Autoloader\Autoloader->loadInNamespace('App\\Models\\PrecodificacionesModel')
 4 APPPATH\Controllers\comercial\PrecodificacionesController.php(28): CodeIgniter\Autoloader\Autoloader->loadClass('App\\Models\\PrecodificacionesModel')
 5 SYSTEMPATH\CodeIgniter.php(903): App\Controllers\Comercial\PrecodificacionesController->__construct()
 6 SYSTEMPATH\CodeIgniter.php(500): CodeIgniter\CodeIgniter->createController()
 7 SYSTEMPATH\CodeIgniter.php(355): CodeIgniter\CodeIgniter->handleRequest(null, Object(Config\Cache), false)
 8 SYSTEMPATH\Boot.php(325): CodeIgniter\CodeIgniter->run()
 9 SYSTEMPATH\Boot.php(67): CodeIgniter\Boot::runCodeIgniter(Object(CodeIgniter\CodeIgniter))
10 FCPATH\index.php(56): CodeIgniter\Boot::bootWeb(Object(Config\Paths))
INFO - 2025-08-14 12:04:08 --> Session: Class initialized using 'CodeIgniter\Session\Handlers\FileHandler' driver.
WARNING - 2025-08-14 12:04:08 --> [DEPRECATED] Optional parameter $empresa declared before required parameter $orderDir is implicitly treated as a required parameter in APPPATH\Models\PrecodificacionesModel.php on line 85.
 1 SYSTEMPATH\Autoloader\Autoloader.php(317): include_once('C:\\xampp\\htdocs\\distribuidora-rex\\app\\system\\Debug\\Exceptions.php')
 2 SYSTEMPATH\Autoloader\Autoloader.php(296): CodeIgniter\Autoloader\Autoloader->includeFile('C:\\xampp\\htdocs\\distribuidora-rex\\app\\app\\Models\\PrecodificacionesModel.php')
 3 SYSTEMPATH\Autoloader\Autoloader.php(272): CodeIgniter\Autoloader\Autoloader->loadInNamespace('App\\Models\\PrecodificacionesModel')
 4 APPPATH\Controllers\comercial\PrecodificacionesController.php(28): CodeIgniter\Autoloader\Autoloader->loadClass('App\\Models\\PrecodificacionesModel')
 5 SYSTEMPATH\CodeIgniter.php(903): App\Controllers\Comercial\PrecodificacionesController->__construct()
 6 SYSTEMPATH\CodeIgniter.php(500): CodeIgniter\CodeIgniter->createController()
 7 SYSTEMPATH\CodeIgniter.php(355): CodeIgniter\CodeIgniter->handleRequest(null, Object(Config\Cache), false)
 8 SYSTEMPATH\Boot.php(325): CodeIgniter\CodeIgniter->run()
 9 SYSTEMPATH\Boot.php(67): CodeIgniter\Boot::runCodeIgniter(Object(CodeIgniter\CodeIgniter))
10 FCPATH\index.php(56): CodeIgniter\Boot::bootWeb(Object(Config\Paths))
INFO - 2025-08-14 12:06:55 --> Session: Class initialized using 'CodeIgniter\Session\Handlers\FileHandler' driver.
WARNING - 2025-08-14 12:06:55 --> [DEPRECATED] Optional parameter $empresa declared before required parameter $orderDir is implicitly treated as a required parameter in APPPATH\Models\PrecodificacionesModel.php on line 85.
 1 SYSTEMPATH\Autoloader\Autoloader.php(317): include_once('C:\\xampp\\htdocs\\distribuidora-rex\\app\\system\\Debug\\Exceptions.php')
 2 SYSTEMPATH\Autoloader\Autoloader.php(296): CodeIgniter\Autoloader\Autoloader->includeFile('C:\\xampp\\htdocs\\distribuidora-rex\\app\\app\\Models\\PrecodificacionesModel.php')
 3 SYSTEMPATH\Autoloader\Autoloader.php(272): CodeIgniter\Autoloader\Autoloader->loadInNamespace('App\\Models\\PrecodificacionesModel')
 4 APPPATH\Controllers\comercial\PrecodificacionesController.php(28): CodeIgniter\Autoloader\Autoloader->loadClass('App\\Models\\PrecodificacionesModel')
 5 SYSTEMPATH\CodeIgniter.php(903): App\Controllers\Comercial\PrecodificacionesController->__construct()
 6 SYSTEMPATH\CodeIgniter.php(500): CodeIgniter\CodeIgniter->createController()
 7 SYSTEMPATH\CodeIgniter.php(355): CodeIgniter\CodeIgniter->handleRequest(null, Object(Config\Cache), false)
 8 SYSTEMPATH\Boot.php(325): CodeIgniter\CodeIgniter->run()
 9 SYSTEMPATH\Boot.php(67): CodeIgniter\Boot::runCodeIgniter(Object(CodeIgniter\CodeIgniter))
10 FCPATH\index.php(56): CodeIgniter\Boot::bootWeb(Object(Config\Paths))
INFO - 2025-08-14 12:06:57 --> Session: Class initialized using 'CodeIgniter\Session\Handlers\FileHandler' driver.
WARNING - 2025-08-14 12:06:57 --> [DEPRECATED] Optional parameter $empresa declared before required parameter $orderDir is implicitly treated as a required parameter in APPPATH\Models\PrecodificacionesModel.php on line 85.
 1 SYSTEMPATH\Autoloader\Autoloader.php(317): include_once('C:\\xampp\\htdocs\\distribuidora-rex\\app\\system\\Debug\\Exceptions.php')
 2 SYSTEMPATH\Autoloader\Autoloader.php(296): CodeIgniter\Autoloader\Autoloader->includeFile('C:\\xampp\\htdocs\\distribuidora-rex\\app\\app\\Models\\PrecodificacionesModel.php')
 3 SYSTEMPATH\Autoloader\Autoloader.php(272): CodeIgniter\Autoloader\Autoloader->loadInNamespace('App\\Models\\PrecodificacionesModel')
 4 APPPATH\Controllers\comercial\PrecodificacionesController.php(28): CodeIgniter\Autoloader\Autoloader->loadClass('App\\Models\\PrecodificacionesModel')
 5 SYSTEMPATH\CodeIgniter.php(903): App\Controllers\Comercial\PrecodificacionesController->__construct()
 6 SYSTEMPATH\CodeIgniter.php(500): CodeIgniter\CodeIgniter->createController()
 7 SYSTEMPATH\CodeIgniter.php(355): CodeIgniter\CodeIgniter->handleRequest(null, Object(Config\Cache), false)
 8 SYSTEMPATH\Boot.php(325): CodeIgniter\CodeIgniter->run()
 9 SYSTEMPATH\Boot.php(67): CodeIgniter\Boot::runCodeIgniter(Object(CodeIgniter\CodeIgniter))
10 FCPATH\index.php(56): CodeIgniter\Boot::bootWeb(Object(Config\Paths))
INFO - 2025-08-14 12:06:57 --> Session: Class initialized using 'CodeIgniter\Session\Handlers\FileHandler' driver.
WARNING - 2025-08-14 12:06:57 --> [DEPRECATED] Optional parameter $empresa declared before required parameter $orderDir is implicitly treated as a required parameter in APPPATH\Models\PrecodificacionesModel.php on line 85.
 1 SYSTEMPATH\Autoloader\Autoloader.php(317): include_once('C:\\xampp\\htdocs\\distribuidora-rex\\app\\system\\Debug\\Exceptions.php')
 2 SYSTEMPATH\Autoloader\Autoloader.php(296): CodeIgniter\Autoloader\Autoloader->includeFile('C:\\xampp\\htdocs\\distribuidora-rex\\app\\app\\Models\\PrecodificacionesModel.php')
 3 SYSTEMPATH\Autoloader\Autoloader.php(272): CodeIgniter\Autoloader\Autoloader->loadInNamespace('App\\Models\\PrecodificacionesModel')
 4 APPPATH\Controllers\comercial\PrecodificacionesController.php(28): CodeIgniter\Autoloader\Autoloader->loadClass('App\\Models\\PrecodificacionesModel')
 5 SYSTEMPATH\CodeIgniter.php(903): App\Controllers\Comercial\PrecodificacionesController->__construct()
 6 SYSTEMPATH\CodeIgniter.php(500): CodeIgniter\CodeIgniter->createController()
 7 SYSTEMPATH\CodeIgniter.php(355): CodeIgniter\CodeIgniter->handleRequest(null, Object(Config\Cache), false)
 8 SYSTEMPATH\Boot.php(325): CodeIgniter\CodeIgniter->run()
 9 SYSTEMPATH\Boot.php(67): CodeIgniter\Boot::runCodeIgniter(Object(CodeIgniter\CodeIgniter))
10 FCPATH\index.php(56): CodeIgniter\Boot::bootWeb(Object(Config\Paths))
INFO - 2025-08-14 12:08:12 --> Session: Class initialized using 'CodeIgniter\Session\Handlers\FileHandler' driver.
WARNING - 2025-08-14 12:08:12 --> [DEPRECATED] Optional parameter $empresa declared before required parameter $orderDir is implicitly treated as a required parameter in APPPATH\Models\PrecodificacionesModel.php on line 85.
 1 SYSTEMPATH\Autoloader\Autoloader.php(317): include_once('C:\\xampp\\htdocs\\distribuidora-rex\\app\\system\\Debug\\Exceptions.php')
 2 SYSTEMPATH\Autoloader\Autoloader.php(296): CodeIgniter\Autoloader\Autoloader->includeFile('C:\\xampp\\htdocs\\distribuidora-rex\\app\\app\\Models\\PrecodificacionesModel.php')
 3 SYSTEMPATH\Autoloader\Autoloader.php(272): CodeIgniter\Autoloader\Autoloader->loadInNamespace('App\\Models\\PrecodificacionesModel')
 4 APPPATH\Controllers\comercial\PrecodificacionesController.php(28): CodeIgniter\Autoloader\Autoloader->loadClass('App\\Models\\PrecodificacionesModel')
 5 SYSTEMPATH\CodeIgniter.php(903): App\Controllers\Comercial\PrecodificacionesController->__construct()
 6 SYSTEMPATH\CodeIgniter.php(500): CodeIgniter\CodeIgniter->createController()
 7 SYSTEMPATH\CodeIgniter.php(355): CodeIgniter\CodeIgniter->handleRequest(null, Object(Config\Cache), false)
 8 SYSTEMPATH\Boot.php(325): CodeIgniter\CodeIgniter->run()
 9 SYSTEMPATH\Boot.php(67): CodeIgniter\Boot::runCodeIgniter(Object(CodeIgniter\CodeIgniter))
10 FCPATH\index.php(56): CodeIgniter\Boot::bootWeb(Object(Config\Paths))
INFO - 2025-08-14 12:08:14 --> Session: Class initialized using 'CodeIgniter\Session\Handlers\FileHandler' driver.
WARNING - 2025-08-14 12:08:14 --> [DEPRECATED] Optional parameter $empresa declared before required parameter $orderDir is implicitly treated as a required parameter in APPPATH\Models\PrecodificacionesModel.php on line 85.
 1 SYSTEMPATH\Autoloader\Autoloader.php(317): include_once('C:\\xampp\\htdocs\\distribuidora-rex\\app\\system\\Debug\\Exceptions.php')
 2 SYSTEMPATH\Autoloader\Autoloader.php(296): CodeIgniter\Autoloader\Autoloader->includeFile('C:\\xampp\\htdocs\\distribuidora-rex\\app\\app\\Models\\PrecodificacionesModel.php')
 3 SYSTEMPATH\Autoloader\Autoloader.php(272): CodeIgniter\Autoloader\Autoloader->loadInNamespace('App\\Models\\PrecodificacionesModel')
 4 APPPATH\Controllers\comercial\PrecodificacionesController.php(28): CodeIgniter\Autoloader\Autoloader->loadClass('App\\Models\\PrecodificacionesModel')
 5 SYSTEMPATH\CodeIgniter.php(903): App\Controllers\Comercial\PrecodificacionesController->__construct()
 6 SYSTEMPATH\CodeIgniter.php(500): CodeIgniter\CodeIgniter->createController()
 7 SYSTEMPATH\CodeIgniter.php(355): CodeIgniter\CodeIgniter->handleRequest(null, Object(Config\Cache), false)
 8 SYSTEMPATH\Boot.php(325): CodeIgniter\CodeIgniter->run()
 9 SYSTEMPATH\Boot.php(67): CodeIgniter\Boot::runCodeIgniter(Object(CodeIgniter\CodeIgniter))
10 FCPATH\index.php(56): CodeIgniter\Boot::bootWeb(Object(Config\Paths))
INFO - 2025-08-14 12:08:15 --> Session: Class initialized using 'CodeIgniter\Session\Handlers\FileHandler' driver.
WARNING - 2025-08-14 12:08:15 --> [DEPRECATED] Optional parameter $empresa declared before required parameter $orderDir is implicitly treated as a required parameter in APPPATH\Models\PrecodificacionesModel.php on line 85.
 1 SYSTEMPATH\Autoloader\Autoloader.php(317): include_once('C:\\xampp\\htdocs\\distribuidora-rex\\app\\system\\Debug\\Exceptions.php')
 2 SYSTEMPATH\Autoloader\Autoloader.php(296): CodeIgniter\Autoloader\Autoloader->includeFile('C:\\xampp\\htdocs\\distribuidora-rex\\app\\app\\Models\\PrecodificacionesModel.php')
 3 SYSTEMPATH\Autoloader\Autoloader.php(272): CodeIgniter\Autoloader\Autoloader->loadInNamespace('App\\Models\\PrecodificacionesModel')
 4 APPPATH\Controllers\comercial\PrecodificacionesController.php(28): CodeIgniter\Autoloader\Autoloader->loadClass('App\\Models\\PrecodificacionesModel')
 5 SYSTEMPATH\CodeIgniter.php(903): App\Controllers\Comercial\PrecodificacionesController->__construct()
 6 SYSTEMPATH\CodeIgniter.php(500): CodeIgniter\CodeIgniter->createController()
 7 SYSTEMPATH\CodeIgniter.php(355): CodeIgniter\CodeIgniter->handleRequest(null, Object(Config\Cache), false)
 8 SYSTEMPATH\Boot.php(325): CodeIgniter\CodeIgniter->run()
 9 SYSTEMPATH\Boot.php(67): CodeIgniter\Boot::runCodeIgniter(Object(CodeIgniter\CodeIgniter))
10 FCPATH\index.php(56): CodeIgniter\Boot::bootWeb(Object(Config\Paths))
INFO - 2025-08-14 12:09:04 --> Session: Class initialized using 'CodeIgniter\Session\Handlers\FileHandler' driver.
WARNING - 2025-08-14 12:09:04 --> [DEPRECATED] Optional parameter $empresa declared before required parameter $orderDir is implicitly treated as a required parameter in APPPATH\Models\PrecodificacionesModel.php on line 85.
 1 SYSTEMPATH\Autoloader\Autoloader.php(317): include_once('C:\\xampp\\htdocs\\distribuidora-rex\\app\\system\\Debug\\Exceptions.php')
 2 SYSTEMPATH\Autoloader\Autoloader.php(296): CodeIgniter\Autoloader\Autoloader->includeFile('C:\\xampp\\htdocs\\distribuidora-rex\\app\\app\\Models\\PrecodificacionesModel.php')
 3 SYSTEMPATH\Autoloader\Autoloader.php(272): CodeIgniter\Autoloader\Autoloader->loadInNamespace('App\\Models\\PrecodificacionesModel')
 4 APPPATH\Controllers\comercial\PrecodificacionesController.php(28): CodeIgniter\Autoloader\Autoloader->loadClass('App\\Models\\PrecodificacionesModel')
 5 SYSTEMPATH\CodeIgniter.php(903): App\Controllers\Comercial\PrecodificacionesController->__construct()
 6 SYSTEMPATH\CodeIgniter.php(500): CodeIgniter\CodeIgniter->createController()
 7 SYSTEMPATH\CodeIgniter.php(355): CodeIgniter\CodeIgniter->handleRequest(null, Object(Config\Cache), false)
 8 SYSTEMPATH\Boot.php(325): CodeIgniter\CodeIgniter->run()
 9 SYSTEMPATH\Boot.php(67): CodeIgniter\Boot::runCodeIgniter(Object(CodeIgniter\CodeIgniter))
10 FCPATH\index.php(56): CodeIgniter\Boot::bootWeb(Object(Config\Paths))
INFO - 2025-08-14 12:09:07 --> Session: Class initialized using 'CodeIgniter\Session\Handlers\FileHandler' driver.
WARNING - 2025-08-14 12:09:07 --> [DEPRECATED] Optional parameter $empresa declared before required parameter $orderDir is implicitly treated as a required parameter in APPPATH\Models\PrecodificacionesModel.php on line 85.
 1 SYSTEMPATH\Autoloader\Autoloader.php(317): include_once('C:\\xampp\\htdocs\\distribuidora-rex\\app\\system\\Debug\\Exceptions.php')
 2 SYSTEMPATH\Autoloader\Autoloader.php(296): CodeIgniter\Autoloader\Autoloader->includeFile('C:\\xampp\\htdocs\\distribuidora-rex\\app\\app\\Models\\PrecodificacionesModel.php')
 3 SYSTEMPATH\Autoloader\Autoloader.php(272): CodeIgniter\Autoloader\Autoloader->loadInNamespace('App\\Models\\PrecodificacionesModel')
 4 APPPATH\Controllers\comercial\PrecodificacionesController.php(28): CodeIgniter\Autoloader\Autoloader->loadClass('App\\Models\\PrecodificacionesModel')
 5 SYSTEMPATH\CodeIgniter.php(903): App\Controllers\Comercial\PrecodificacionesController->__construct()
 6 SYSTEMPATH\CodeIgniter.php(500): CodeIgniter\CodeIgniter->createController()
 7 SYSTEMPATH\CodeIgniter.php(355): CodeIgniter\CodeIgniter->handleRequest(null, Object(Config\Cache), false)
 8 SYSTEMPATH\Boot.php(325): CodeIgniter\CodeIgniter->run()
 9 SYSTEMPATH\Boot.php(67): CodeIgniter\Boot::runCodeIgniter(Object(CodeIgniter\CodeIgniter))
10 FCPATH\index.php(56): CodeIgniter\Boot::bootWeb(Object(Config\Paths))
INFO - 2025-08-14 12:09:07 --> Session: Class initialized using 'CodeIgniter\Session\Handlers\FileHandler' driver.
WARNING - 2025-08-14 12:09:07 --> [DEPRECATED] Optional parameter $empresa declared before required parameter $orderDir is implicitly treated as a required parameter in APPPATH\Models\PrecodificacionesModel.php on line 85.
 1 SYSTEMPATH\Autoloader\Autoloader.php(317): include_once('C:\\xampp\\htdocs\\distribuidora-rex\\app\\system\\Debug\\Exceptions.php')
 2 SYSTEMPATH\Autoloader\Autoloader.php(296): CodeIgniter\Autoloader\Autoloader->includeFile('C:\\xampp\\htdocs\\distribuidora-rex\\app\\app\\Models\\PrecodificacionesModel.php')
 3 SYSTEMPATH\Autoloader\Autoloader.php(272): CodeIgniter\Autoloader\Autoloader->loadInNamespace('App\\Models\\PrecodificacionesModel')
 4 APPPATH\Controllers\comercial\PrecodificacionesController.php(28): CodeIgniter\Autoloader\Autoloader->loadClass('App\\Models\\PrecodificacionesModel')
 5 SYSTEMPATH\CodeIgniter.php(903): App\Controllers\Comercial\PrecodificacionesController->__construct()
 6 SYSTEMPATH\CodeIgniter.php(500): CodeIgniter\CodeIgniter->createController()
 7 SYSTEMPATH\CodeIgniter.php(355): CodeIgniter\CodeIgniter->handleRequest(null, Object(Config\Cache), false)
 8 SYSTEMPATH\Boot.php(325): CodeIgniter\CodeIgniter->run()
 9 SYSTEMPATH\Boot.php(67): CodeIgniter\Boot::runCodeIgniter(Object(CodeIgniter\CodeIgniter))
10 FCPATH\index.php(56): CodeIgniter\Boot::bootWeb(Object(Config\Paths))
INFO - 2025-08-14 12:09:19 --> Session: Class initialized using 'CodeIgniter\Session\Handlers\FileHandler' driver.
WARNING - 2025-08-14 12:09:19 --> [DEPRECATED] Optional parameter $empresa declared before required parameter $orderDir is implicitly treated as a required parameter in APPPATH\Models\PrecodificacionesModel.php on line 85.
 1 SYSTEMPATH\Autoloader\Autoloader.php(317): include_once('C:\\xampp\\htdocs\\distribuidora-rex\\app\\system\\Debug\\Exceptions.php')
 2 SYSTEMPATH\Autoloader\Autoloader.php(296): CodeIgniter\Autoloader\Autoloader->includeFile('C:\\xampp\\htdocs\\distribuidora-rex\\app\\app\\Models\\PrecodificacionesModel.php')
 3 SYSTEMPATH\Autoloader\Autoloader.php(272): CodeIgniter\Autoloader\Autoloader->loadInNamespace('App\\Models\\PrecodificacionesModel')
 4 APPPATH\Controllers\comercial\PrecodificacionesController.php(28): CodeIgniter\Autoloader\Autoloader->loadClass('App\\Models\\PrecodificacionesModel')
 5 SYSTEMPATH\CodeIgniter.php(903): App\Controllers\Comercial\PrecodificacionesController->__construct()
 6 SYSTEMPATH\CodeIgniter.php(500): CodeIgniter\CodeIgniter->createController()
 7 SYSTEMPATH\CodeIgniter.php(355): CodeIgniter\CodeIgniter->handleRequest(null, Object(Config\Cache), false)
 8 SYSTEMPATH\Boot.php(325): CodeIgniter\CodeIgniter->run()
 9 SYSTEMPATH\Boot.php(67): CodeIgniter\Boot::runCodeIgniter(Object(CodeIgniter\CodeIgniter))
10 FCPATH\index.php(56): CodeIgniter\Boot::bootWeb(Object(Config\Paths))
INFO - 2025-08-14 12:09:20 --> Session: Class initialized using 'CodeIgniter\Session\Handlers\FileHandler' driver.
WARNING - 2025-08-14 12:09:20 --> [DEPRECATED] Optional parameter $empresa declared before required parameter $orderDir is implicitly treated as a required parameter in APPPATH\Models\PrecodificacionesModel.php on line 85.
 1 SYSTEMPATH\Autoloader\Autoloader.php(317): include_once('C:\\xampp\\htdocs\\distribuidora-rex\\app\\system\\Debug\\Exceptions.php')
 2 SYSTEMPATH\Autoloader\Autoloader.php(296): CodeIgniter\Autoloader\Autoloader->includeFile('C:\\xampp\\htdocs\\distribuidora-rex\\app\\app\\Models\\PrecodificacionesModel.php')
 3 SYSTEMPATH\Autoloader\Autoloader.php(272): CodeIgniter\Autoloader\Autoloader->loadInNamespace('App\\Models\\PrecodificacionesModel')
 4 APPPATH\Controllers\comercial\PrecodificacionesController.php(28): CodeIgniter\Autoloader\Autoloader->loadClass('App\\Models\\PrecodificacionesModel')
 5 SYSTEMPATH\CodeIgniter.php(903): App\Controllers\Comercial\PrecodificacionesController->__construct()
 6 SYSTEMPATH\CodeIgniter.php(500): CodeIgniter\CodeIgniter->createController()
 7 SYSTEMPATH\CodeIgniter.php(355): CodeIgniter\CodeIgniter->handleRequest(null, Object(Config\Cache), false)
 8 SYSTEMPATH\Boot.php(325): CodeIgniter\CodeIgniter->run()
 9 SYSTEMPATH\Boot.php(67): CodeIgniter\Boot::runCodeIgniter(Object(CodeIgniter\CodeIgniter))
10 FCPATH\index.php(56): CodeIgniter\Boot::bootWeb(Object(Config\Paths))
INFO - 2025-08-14 12:09:22 --> Session: Class initialized using 'CodeIgniter\Session\Handlers\FileHandler' driver.
WARNING - 2025-08-14 12:09:22 --> [DEPRECATED] Optional parameter $empresa declared before required parameter $orderDir is implicitly treated as a required parameter in APPPATH\Models\PrecodificacionesModel.php on line 85.
 1 SYSTEMPATH\Autoloader\Autoloader.php(317): include_once('C:\\xampp\\htdocs\\distribuidora-rex\\app\\system\\Debug\\Exceptions.php')
 2 SYSTEMPATH\Autoloader\Autoloader.php(296): CodeIgniter\Autoloader\Autoloader->includeFile('C:\\xampp\\htdocs\\distribuidora-rex\\app\\app\\Models\\PrecodificacionesModel.php')
 3 SYSTEMPATH\Autoloader\Autoloader.php(272): CodeIgniter\Autoloader\Autoloader->loadInNamespace('App\\Models\\PrecodificacionesModel')
 4 APPPATH\Controllers\comercial\PrecodificacionesController.php(28): CodeIgniter\Autoloader\Autoloader->loadClass('App\\Models\\PrecodificacionesModel')
 5 SYSTEMPATH\CodeIgniter.php(903): App\Controllers\Comercial\PrecodificacionesController->__construct()
 6 SYSTEMPATH\CodeIgniter.php(500): CodeIgniter\CodeIgniter->createController()
 7 SYSTEMPATH\CodeIgniter.php(355): CodeIgniter\CodeIgniter->handleRequest(null, Object(Config\Cache), false)
 8 SYSTEMPATH\Boot.php(325): CodeIgniter\CodeIgniter->run()
 9 SYSTEMPATH\Boot.php(67): CodeIgniter\Boot::runCodeIgniter(Object(CodeIgniter\CodeIgniter))
10 FCPATH\index.php(56): CodeIgniter\Boot::bootWeb(Object(Config\Paths))
INFO - 2025-08-14 12:09:22 --> Session: Class initialized using 'CodeIgniter\Session\Handlers\FileHandler' driver.
WARNING - 2025-08-14 12:09:22 --> [DEPRECATED] Optional parameter $empresa declared before required parameter $orderDir is implicitly treated as a required parameter in APPPATH\Models\PrecodificacionesModel.php on line 85.
 1 SYSTEMPATH\Autoloader\Autoloader.php(317): include_once('C:\\xampp\\htdocs\\distribuidora-rex\\app\\system\\Debug\\Exceptions.php')
 2 SYSTEMPATH\Autoloader\Autoloader.php(296): CodeIgniter\Autoloader\Autoloader->includeFile('C:\\xampp\\htdocs\\distribuidora-rex\\app\\app\\Models\\PrecodificacionesModel.php')
 3 SYSTEMPATH\Autoloader\Autoloader.php(272): CodeIgniter\Autoloader\Autoloader->loadInNamespace('App\\Models\\PrecodificacionesModel')
 4 APPPATH\Controllers\comercial\PrecodificacionesController.php(28): CodeIgniter\Autoloader\Autoloader->loadClass('App\\Models\\PrecodificacionesModel')
 5 SYSTEMPATH\CodeIgniter.php(903): App\Controllers\Comercial\PrecodificacionesController->__construct()
 6 SYSTEMPATH\CodeIgniter.php(500): CodeIgniter\CodeIgniter->createController()
 7 SYSTEMPATH\CodeIgniter.php(355): CodeIgniter\CodeIgniter->handleRequest(null, Object(Config\Cache), false)
 8 SYSTEMPATH\Boot.php(325): CodeIgniter\CodeIgniter->run()
 9 SYSTEMPATH\Boot.php(67): CodeIgniter\Boot::runCodeIgniter(Object(CodeIgniter\CodeIgniter))
10 FCPATH\index.php(56): CodeIgniter\Boot::bootWeb(Object(Config\Paths))
INFO - 2025-08-14 12:17:47 --> Session: Class initialized using 'CodeIgniter\Session\Handlers\FileHandler' driver.
WARNING - 2025-08-14 12:17:47 --> [DEPRECATED] Optional parameter $empresa declared before required parameter $orderDir is implicitly treated as a required parameter in APPPATH\Models\PrecodificacionesModel.php on line 85.
 1 SYSTEMPATH\Autoloader\Autoloader.php(317): include_once('C:\\xampp\\htdocs\\distribuidora-rex\\app\\system\\Debug\\Exceptions.php')
 2 SYSTEMPATH\Autoloader\Autoloader.php(296): CodeIgniter\Autoloader\Autoloader->includeFile('C:\\xampp\\htdocs\\distribuidora-rex\\app\\app\\Models\\PrecodificacionesModel.php')
 3 SYSTEMPATH\Autoloader\Autoloader.php(272): CodeIgniter\Autoloader\Autoloader->loadInNamespace('App\\Models\\PrecodificacionesModel')
 4 APPPATH\Controllers\comercial\PrecodificacionesController.php(28): CodeIgniter\Autoloader\Autoloader->loadClass('App\\Models\\PrecodificacionesModel')
 5 SYSTEMPATH\CodeIgniter.php(903): App\Controllers\Comercial\PrecodificacionesController->__construct()
 6 SYSTEMPATH\CodeIgniter.php(500): CodeIgniter\CodeIgniter->createController()
 7 SYSTEMPATH\CodeIgniter.php(355): CodeIgniter\CodeIgniter->handleRequest(null, Object(Config\Cache), false)
 8 SYSTEMPATH\Boot.php(325): CodeIgniter\CodeIgniter->run()
 9 SYSTEMPATH\Boot.php(67): CodeIgniter\Boot::runCodeIgniter(Object(CodeIgniter\CodeIgniter))
10 FCPATH\index.php(56): CodeIgniter\Boot::bootWeb(Object(Config\Paths))
INFO - 2025-08-14 12:17:49 --> Session: Class initialized using 'CodeIgniter\Session\Handlers\FileHandler' driver.
WARNING - 2025-08-14 12:17:49 --> [DEPRECATED] Optional parameter $empresa declared before required parameter $orderDir is implicitly treated as a required parameter in APPPATH\Models\PrecodificacionesModel.php on line 85.
 1 SYSTEMPATH\Autoloader\Autoloader.php(317): include_once('C:\\xampp\\htdocs\\distribuidora-rex\\app\\system\\Debug\\Exceptions.php')
 2 SYSTEMPATH\Autoloader\Autoloader.php(296): CodeIgniter\Autoloader\Autoloader->includeFile('C:\\xampp\\htdocs\\distribuidora-rex\\app\\app\\Models\\PrecodificacionesModel.php')
 3 SYSTEMPATH\Autoloader\Autoloader.php(272): CodeIgniter\Autoloader\Autoloader->loadInNamespace('App\\Models\\PrecodificacionesModel')
 4 APPPATH\Controllers\comercial\PrecodificacionesController.php(28): CodeIgniter\Autoloader\Autoloader->loadClass('App\\Models\\PrecodificacionesModel')
 5 SYSTEMPATH\CodeIgniter.php(903): App\Controllers\Comercial\PrecodificacionesController->__construct()
 6 SYSTEMPATH\CodeIgniter.php(500): CodeIgniter\CodeIgniter->createController()
 7 SYSTEMPATH\CodeIgniter.php(355): CodeIgniter\CodeIgniter->handleRequest(null, Object(Config\Cache), false)
 8 SYSTEMPATH\Boot.php(325): CodeIgniter\CodeIgniter->run()
 9 SYSTEMPATH\Boot.php(67): CodeIgniter\Boot::runCodeIgniter(Object(CodeIgniter\CodeIgniter))
10 FCPATH\index.php(56): CodeIgniter\Boot::bootWeb(Object(Config\Paths))
INFO - 2025-08-14 12:17:49 --> Session: Class initialized using 'CodeIgniter\Session\Handlers\FileHandler' driver.
WARNING - 2025-08-14 12:17:49 --> [DEPRECATED] Optional parameter $empresa declared before required parameter $orderDir is implicitly treated as a required parameter in APPPATH\Models\PrecodificacionesModel.php on line 85.
 1 SYSTEMPATH\Autoloader\Autoloader.php(317): include_once('C:\\xampp\\htdocs\\distribuidora-rex\\app\\system\\Debug\\Exceptions.php')
 2 SYSTEMPATH\Autoloader\Autoloader.php(296): CodeIgniter\Autoloader\Autoloader->includeFile('C:\\xampp\\htdocs\\distribuidora-rex\\app\\app\\Models\\PrecodificacionesModel.php')
 3 SYSTEMPATH\Autoloader\Autoloader.php(272): CodeIgniter\Autoloader\Autoloader->loadInNamespace('App\\Models\\PrecodificacionesModel')
 4 APPPATH\Controllers\comercial\PrecodificacionesController.php(28): CodeIgniter\Autoloader\Autoloader->loadClass('App\\Models\\PrecodificacionesModel')
 5 SYSTEMPATH\CodeIgniter.php(903): App\Controllers\Comercial\PrecodificacionesController->__construct()
 6 SYSTEMPATH\CodeIgniter.php(500): CodeIgniter\CodeIgniter->createController()
 7 SYSTEMPATH\CodeIgniter.php(355): CodeIgniter\CodeIgniter->handleRequest(null, Object(Config\Cache), false)
 8 SYSTEMPATH\Boot.php(325): CodeIgniter\CodeIgniter->run()
 9 SYSTEMPATH\Boot.php(67): CodeIgniter\Boot::runCodeIgniter(Object(CodeIgniter\CodeIgniter))
10 FCPATH\index.php(56): CodeIgniter\Boot::bootWeb(Object(Config\Paths))
INFO - 2025-08-14 12:20:34 --> Session: Class initialized using 'CodeIgniter\Session\Handlers\FileHandler' driver.
WARNING - 2025-08-14 12:20:34 --> [DEPRECATED] Optional parameter $empresa declared before required parameter $orderDir is implicitly treated as a required parameter in APPPATH\Models\PrecodificacionesModel.php on line 85.
 1 SYSTEMPATH\Autoloader\Autoloader.php(317): include_once('C:\\xampp\\htdocs\\distribuidora-rex\\app\\system\\Debug\\Exceptions.php')
 2 SYSTEMPATH\Autoloader\Autoloader.php(296): CodeIgniter\Autoloader\Autoloader->includeFile('C:\\xampp\\htdocs\\distribuidora-rex\\app\\app\\Models\\PrecodificacionesModel.php')
 3 SYSTEMPATH\Autoloader\Autoloader.php(272): CodeIgniter\Autoloader\Autoloader->loadInNamespace('App\\Models\\PrecodificacionesModel')
 4 APPPATH\Controllers\comercial\PrecodificacionesController.php(28): CodeIgniter\Autoloader\Autoloader->loadClass('App\\Models\\PrecodificacionesModel')
 5 SYSTEMPATH\CodeIgniter.php(903): App\Controllers\Comercial\PrecodificacionesController->__construct()
 6 SYSTEMPATH\CodeIgniter.php(500): CodeIgniter\CodeIgniter->createController()
 7 SYSTEMPATH\CodeIgniter.php(355): CodeIgniter\CodeIgniter->handleRequest(null, Object(Config\Cache), false)
 8 SYSTEMPATH\Boot.php(325): CodeIgniter\CodeIgniter->run()
 9 SYSTEMPATH\Boot.php(67): CodeIgniter\Boot::runCodeIgniter(Object(CodeIgniter\CodeIgniter))
10 FCPATH\index.php(56): CodeIgniter\Boot::bootWeb(Object(Config\Paths))
INFO - 2025-08-14 12:20:36 --> Session: Class initialized using 'CodeIgniter\Session\Handlers\FileHandler' driver.
WARNING - 2025-08-14 12:20:36 --> [DEPRECATED] Optional parameter $empresa declared before required parameter $orderDir is implicitly treated as a required parameter in APPPATH\Models\PrecodificacionesModel.php on line 85.
 1 SYSTEMPATH\Autoloader\Autoloader.php(317): include_once('C:\\xampp\\htdocs\\distribuidora-rex\\app\\system\\Debug\\Exceptions.php')
 2 SYSTEMPATH\Autoloader\Autoloader.php(296): CodeIgniter\Autoloader\Autoloader->includeFile('C:\\xampp\\htdocs\\distribuidora-rex\\app\\app\\Models\\PrecodificacionesModel.php')
 3 SYSTEMPATH\Autoloader\Autoloader.php(272): CodeIgniter\Autoloader\Autoloader->loadInNamespace('App\\Models\\PrecodificacionesModel')
 4 APPPATH\Controllers\comercial\PrecodificacionesController.php(28): CodeIgniter\Autoloader\Autoloader->loadClass('App\\Models\\PrecodificacionesModel')
 5 SYSTEMPATH\CodeIgniter.php(903): App\Controllers\Comercial\PrecodificacionesController->__construct()
 6 SYSTEMPATH\CodeIgniter.php(500): CodeIgniter\CodeIgniter->createController()
 7 SYSTEMPATH\CodeIgniter.php(355): CodeIgniter\CodeIgniter->handleRequest(null, Object(Config\Cache), false)
 8 SYSTEMPATH\Boot.php(325): CodeIgniter\CodeIgniter->run()
 9 SYSTEMPATH\Boot.php(67): CodeIgniter\Boot::runCodeIgniter(Object(CodeIgniter\CodeIgniter))
10 FCPATH\index.php(56): CodeIgniter\Boot::bootWeb(Object(Config\Paths))
INFO - 2025-08-14 12:20:37 --> Session: Class initialized using 'CodeIgniter\Session\Handlers\FileHandler' driver.
WARNING - 2025-08-14 12:20:37 --> [DEPRECATED] Optional parameter $empresa declared before required parameter $orderDir is implicitly treated as a required parameter in APPPATH\Models\PrecodificacionesModel.php on line 85.
 1 SYSTEMPATH\Autoloader\Autoloader.php(317): include_once('C:\\xampp\\htdocs\\distribuidora-rex\\app\\system\\Debug\\Exceptions.php')
 2 SYSTEMPATH\Autoloader\Autoloader.php(296): CodeIgniter\Autoloader\Autoloader->includeFile('C:\\xampp\\htdocs\\distribuidora-rex\\app\\app\\Models\\PrecodificacionesModel.php')
 3 SYSTEMPATH\Autoloader\Autoloader.php(272): CodeIgniter\Autoloader\Autoloader->loadInNamespace('App\\Models\\PrecodificacionesModel')
 4 APPPATH\Controllers\comercial\PrecodificacionesController.php(28): CodeIgniter\Autoloader\Autoloader->loadClass('App\\Models\\PrecodificacionesModel')
 5 SYSTEMPATH\CodeIgniter.php(903): App\Controllers\Comercial\PrecodificacionesController->__construct()
 6 SYSTEMPATH\CodeIgniter.php(500): CodeIgniter\CodeIgniter->createController()
 7 SYSTEMPATH\CodeIgniter.php(355): CodeIgniter\CodeIgniter->handleRequest(null, Object(Config\Cache), false)
 8 SYSTEMPATH\Boot.php(325): CodeIgniter\CodeIgniter->run()
 9 SYSTEMPATH\Boot.php(67): CodeIgniter\Boot::runCodeIgniter(Object(CodeIgniter\CodeIgniter))
10 FCPATH\index.php(56): CodeIgniter\Boot::bootWeb(Object(Config\Paths))
INFO - 2025-08-14 12:20:38 --> Session: Class initialized using 'CodeIgniter\Session\Handlers\FileHandler' driver.
INFO - 2025-08-14 12:22:09 --> Session: Class initialized using 'CodeIgniter\Session\Handlers\FileHandler' driver.
INFO - 2025-08-14 12:22:11 --> Session: Class initialized using 'CodeIgniter\Session\Handlers\FileHandler' driver.
INFO - 2025-08-14 12:22:15 --> Session: Class initialized using 'CodeIgniter\Session\Handlers\FileHandler' driver.
INFO - 2025-08-14 12:22:18 --> Session: Class initialized using 'CodeIgniter\Session\Handlers\FileHandler' driver.
WARNING - 2025-08-14 12:22:18 --> [DEPRECATED] Optional parameter $empresa declared before required parameter $orderDir is implicitly treated as a required parameter in APPPATH\Models\PrecodificacionesModel.php on line 85.
 1 SYSTEMPATH\Autoloader\Autoloader.php(317): include_once('C:\\xampp\\htdocs\\distribuidora-rex\\app\\system\\Debug\\Exceptions.php')
 2 SYSTEMPATH\Autoloader\Autoloader.php(296): CodeIgniter\Autoloader\Autoloader->includeFile('C:\\xampp\\htdocs\\distribuidora-rex\\app\\app\\Models\\PrecodificacionesModel.php')
 3 SYSTEMPATH\Autoloader\Autoloader.php(272): CodeIgniter\Autoloader\Autoloader->loadInNamespace('App\\Models\\PrecodificacionesModel')
 4 APPPATH\Controllers\admin\AdminController.php(31): CodeIgniter\Autoloader\Autoloader->loadClass('App\\Models\\PrecodificacionesModel')
 5 SYSTEMPATH\CodeIgniter.php(903): App\Controllers\Admin\AdminController->__construct()
 6 SYSTEMPATH\CodeIgniter.php(500): CodeIgniter\CodeIgniter->createController()
 7 SYSTEMPATH\CodeIgniter.php(355): CodeIgniter\CodeIgniter->handleRequest(null, Object(Config\Cache), false)
 8 SYSTEMPATH\Boot.php(325): CodeIgniter\CodeIgniter->run()
 9 SYSTEMPATH\Boot.php(67): CodeIgniter\Boot::runCodeIgniter(Object(CodeIgniter\CodeIgniter))
10 FCPATH\index.php(56): CodeIgniter\Boot::bootWeb(Object(Config\Paths))
INFO - 2025-08-14 12:22:23 --> Session: Class initialized using 'CodeIgniter\Session\Handlers\FileHandler' driver.
INFO - 2025-08-14 12:22:47 --> Session: Class initialized using 'CodeIgniter\Session\Handlers\FileHandler' driver.
INFO - 2025-08-14 12:22:48 --> Session: Class initialized using 'CodeIgniter\Session\Handlers\FileHandler' driver.
INFO - 2025-08-14 12:46:21 --> Session: Class initialized using 'CodeIgniter\Session\Handlers\FileHandler' driver.
INFO - 2025-08-14 12:46:21 --> Session: Class initialized using 'CodeIgniter\Session\Handlers\FileHandler' driver.
INFO - 2025-08-14 13:01:27 --> Session: Class initialized using 'CodeIgniter\Session\Handlers\FileHandler' driver.
INFO - 2025-08-14 13:01:27 --> Session: Class initialized using 'CodeIgniter\Session\Handlers\FileHandler' driver.
INFO - 2025-08-14 13:16:33 --> Session: Class initialized using 'CodeIgniter\Session\Handlers\FileHandler' driver.
INFO - 2025-08-14 13:16:34 --> Session: Class initialized using 'CodeIgniter\Session\Handlers\FileHandler' driver.
INFO - 2025-08-14 13:31:45 --> Session: Class initialized using 'CodeIgniter\Session\Handlers\FileHandler' driver.
INFO - 2025-08-14 13:31:45 --> Session: Class initialized using 'CodeIgniter\Session\Handlers\FileHandler' driver.
INFO - 2025-08-14 13:54:11 --> Session: Class initialized using 'CodeIgniter\Session\Handlers\FileHandler' driver.
INFO - 2025-08-14 13:54:12 --> Session: Class initialized using 'CodeIgniter\Session\Handlers\FileHandler' driver.
ERROR - 2025-08-14 14:09:14 --> [Microsoft][ODBC Driver 17 for SQL Server][SQL Server]La conversión del tipo de datos varchar en datetime produjo un valor fuera de intervalo.
CRITICAL - 2025-08-14 14:09:14 --> CodeIgniter\Database\Exceptions\DatabaseException: [Microsoft][ODBC Driver 17 for SQL Server][SQL Server]La conversión del tipo de datos varchar en datetime produjo un valor fuera de intervalo.
[Method: POST, Route: verifyUser]
in SYSTEMPATH\Database\BaseConnection.php on line 688.
 1 SYSTEMPATH\Database\BaseBuilder.php(2516): CodeIgniter\Database\BaseConnection->query('UPDATE "Distrirex_Web"."dbo"."Usuarios" SET "FechaFinalizacion" = :FechaFinalizacion:
WHERE "Id" = :Id:', [...], false)
 2 APPPATH\Models\UsuariosModel.php(68): CodeIgniter\Database\BaseBuilder->update()
 3 APPPATH\Controllers\LoginController.php(121): App\Models\UsuariosModel->bloquearUsuario(6490)
 4 SYSTEMPATH\CodeIgniter.php(933): App\Controllers\LoginController->verifyUser()
 5 SYSTEMPATH\CodeIgniter.php(509): CodeIgniter\CodeIgniter->runController(Object(App\Controllers\LoginController))
 6 SYSTEMPATH\CodeIgniter.php(355): CodeIgniter\CodeIgniter->handleRequest(null, Object(Config\Cache), false)
 7 SYSTEMPATH\Boot.php(325): CodeIgniter\CodeIgniter->run()
 8 SYSTEMPATH\Boot.php(67): CodeIgniter\Boot::runCodeIgniter(Object(CodeIgniter\CodeIgniter))
 9 FCPATH\index.php(56): CodeIgniter\Boot::bootWeb(Object(Config\Paths))
CRITICAL - 2025-08-14 14:09:14 --> [Caused by] CodeIgniter\Database\Exceptions\DatabaseException: [Microsoft][ODBC Driver 17 for SQL Server][SQL Server]La conversión del tipo de datos varchar en datetime produjo un valor fuera de intervalo.
in SYSTEMPATH\Database\SQLSRV\Connection.php on line 488.
 1 SYSTEMPATH\Database\BaseConnection.php(734): CodeIgniter\Database\SQLSRV\Connection->execute('UPDATE "Distrirex_Web"."dbo"."Usuarios" SET "FechaFinalizacion" = \'2025-08-14 14:09:14\'
WHERE "Id" = 6490')
 2 SYSTEMPATH\Database\BaseConnection.php(648): CodeIgniter\Database\BaseConnection->simpleQuery('UPDATE "Distrirex_Web"."dbo"."Usuarios" SET "FechaFinalizacion" = \'2025-08-14 14:09:14\'
WHERE "Id" = 6490')
 3 SYSTEMPATH\Database\BaseBuilder.php(2516): CodeIgniter\Database\BaseConnection->query('UPDATE "Distrirex_Web"."dbo"."Usuarios" SET "FechaFinalizacion" = :FechaFinalizacion:
WHERE "Id" = :Id:', [...], false)
 4 APPPATH\Models\UsuariosModel.php(68): CodeIgniter\Database\BaseBuilder->update()
 5 APPPATH\Controllers\LoginController.php(121): App\Models\UsuariosModel->bloquearUsuario(6490)
 6 SYSTEMPATH\CodeIgniter.php(933): App\Controllers\LoginController->verifyUser()
 7 SYSTEMPATH\CodeIgniter.php(509): CodeIgniter\CodeIgniter->runController(Object(App\Controllers\LoginController))
 8 SYSTEMPATH\CodeIgniter.php(355): CodeIgniter\CodeIgniter->handleRequest(null, Object(Config\Cache), false)
 9 SYSTEMPATH\Boot.php(325): CodeIgniter\CodeIgniter->run()
10 SYSTEMPATH\Boot.php(67): CodeIgniter\Boot::runCodeIgniter(Object(CodeIgniter\CodeIgniter))
11 FCPATH\index.php(56): CodeIgniter\Boot::bootWeb(Object(Config\Paths))
INFO - 2025-08-14 14:09:37 --> Session: Class initialized using 'CodeIgniter\Session\Handlers\FileHandler' driver.
ERROR - 2025-08-14 14:09:48 --> [Microsoft][ODBC Driver 17 for SQL Server][SQL Server]La conversión del tipo de datos varchar en datetime produjo un valor fuera de intervalo.
CRITICAL - 2025-08-14 14:09:48 --> CodeIgniter\Database\Exceptions\DatabaseException: [Microsoft][ODBC Driver 17 for SQL Server][SQL Server]La conversión del tipo de datos varchar en datetime produjo un valor fuera de intervalo.
[Method: POST, Route: verifyUser]
in SYSTEMPATH\Database\BaseConnection.php on line 688.
 1 SYSTEMPATH\Database\BaseBuilder.php(2516): CodeIgniter\Database\BaseConnection->query('UPDATE "Distrirex_Web"."dbo"."Usuarios" SET "FechaFinalizacion" = :FechaFinalizacion:
WHERE "Id" = :Id:', [...], false)
 2 APPPATH\Models\UsuariosModel.php(68): CodeIgniter\Database\BaseBuilder->update()
 3 APPPATH\Controllers\LoginController.php(121): App\Models\UsuariosModel->bloquearUsuario(6490)
 4 SYSTEMPATH\CodeIgniter.php(933): App\Controllers\LoginController->verifyUser()
 5 SYSTEMPATH\CodeIgniter.php(509): CodeIgniter\CodeIgniter->runController(Object(App\Controllers\LoginController))
 6 SYSTEMPATH\CodeIgniter.php(355): CodeIgniter\CodeIgniter->handleRequest(null, Object(Config\Cache), false)
 7 SYSTEMPATH\Boot.php(325): CodeIgniter\CodeIgniter->run()
 8 SYSTEMPATH\Boot.php(67): CodeIgniter\Boot::runCodeIgniter(Object(CodeIgniter\CodeIgniter))
 9 FCPATH\index.php(56): CodeIgniter\Boot::bootWeb(Object(Config\Paths))
CRITICAL - 2025-08-14 14:09:48 --> [Caused by] CodeIgniter\Database\Exceptions\DatabaseException: [Microsoft][ODBC Driver 17 for SQL Server][SQL Server]La conversión del tipo de datos varchar en datetime produjo un valor fuera de intervalo.
in SYSTEMPATH\Database\SQLSRV\Connection.php on line 488.
 1 SYSTEMPATH\Database\BaseConnection.php(734): CodeIgniter\Database\SQLSRV\Connection->execute('UPDATE "Distrirex_Web"."dbo"."Usuarios" SET "FechaFinalizacion" = \'2025-08-14 14:09:48\'
WHERE "Id" = 6490')
 2 SYSTEMPATH\Database\BaseConnection.php(648): CodeIgniter\Database\BaseConnection->simpleQuery('UPDATE "Distrirex_Web"."dbo"."Usuarios" SET "FechaFinalizacion" = \'2025-08-14 14:09:48\'
WHERE "Id" = 6490')
 3 SYSTEMPATH\Database\BaseBuilder.php(2516): CodeIgniter\Database\BaseConnection->query('UPDATE "Distrirex_Web"."dbo"."Usuarios" SET "FechaFinalizacion" = :FechaFinalizacion:
WHERE "Id" = :Id:', [...], false)
 4 APPPATH\Models\UsuariosModel.php(68): CodeIgniter\Database\BaseBuilder->update()
 5 APPPATH\Controllers\LoginController.php(121): App\Models\UsuariosModel->bloquearUsuario(6490)
 6 SYSTEMPATH\CodeIgniter.php(933): App\Controllers\LoginController->verifyUser()
 7 SYSTEMPATH\CodeIgniter.php(509): CodeIgniter\CodeIgniter->runController(Object(App\Controllers\LoginController))
 8 SYSTEMPATH\CodeIgniter.php(355): CodeIgniter\CodeIgniter->handleRequest(null, Object(Config\Cache), false)
 9 SYSTEMPATH\Boot.php(325): CodeIgniter\CodeIgniter->run()
10 SYSTEMPATH\Boot.php(67): CodeIgniter\Boot::runCodeIgniter(Object(CodeIgniter\CodeIgniter))
11 FCPATH\index.php(56): CodeIgniter\Boot::bootWeb(Object(Config\Paths))
INFO - 2025-08-14 14:10:40 --> Session: Class initialized using 'CodeIgniter\Session\Handlers\FileHandler' driver.
ERROR - 2025-08-14 14:12:00 --> [Microsoft][ODBC Driver 17 for SQL Server][SQL Server]La conversión del tipo de datos varchar en datetime produjo un valor fuera de intervalo.
CRITICAL - 2025-08-14 14:12:00 --> CodeIgniter\Database\Exceptions\DatabaseException: [Microsoft][ODBC Driver 17 for SQL Server][SQL Server]La conversión del tipo de datos varchar en datetime produjo un valor fuera de intervalo.
[Method: POST, Route: verifyUser]
in SYSTEMPATH\Database\BaseConnection.php on line 688.
 1 SYSTEMPATH\Database\BaseBuilder.php(2516): CodeIgniter\Database\BaseConnection->query('UPDATE "Distrirex_Web"."dbo"."Usuarios" SET "FechaFinalizacion" = :FechaFinalizacion:
WHERE "Id" = :Id:', [...], false)
 2 APPPATH\Models\UsuariosModel.php(68): CodeIgniter\Database\BaseBuilder->update()
 3 APPPATH\Controllers\LoginController.php(121): App\Models\UsuariosModel->bloquearUsuario(6490)
 4 SYSTEMPATH\CodeIgniter.php(933): App\Controllers\LoginController->verifyUser()
 5 SYSTEMPATH\CodeIgniter.php(509): CodeIgniter\CodeIgniter->runController(Object(App\Controllers\LoginController))
 6 SYSTEMPATH\CodeIgniter.php(355): CodeIgniter\CodeIgniter->handleRequest(null, Object(Config\Cache), false)
 7 SYSTEMPATH\Boot.php(325): CodeIgniter\CodeIgniter->run()
 8 SYSTEMPATH\Boot.php(67): CodeIgniter\Boot::runCodeIgniter(Object(CodeIgniter\CodeIgniter))
 9 FCPATH\index.php(56): CodeIgniter\Boot::bootWeb(Object(Config\Paths))
CRITICAL - 2025-08-14 14:12:00 --> [Caused by] CodeIgniter\Database\Exceptions\DatabaseException: [Microsoft][ODBC Driver 17 for SQL Server][SQL Server]La conversión del tipo de datos varchar en datetime produjo un valor fuera de intervalo.
in SYSTEMPATH\Database\SQLSRV\Connection.php on line 488.
 1 SYSTEMPATH\Database\BaseConnection.php(734): CodeIgniter\Database\SQLSRV\Connection->execute('UPDATE "Distrirex_Web"."dbo"."Usuarios" SET "FechaFinalizacion" = \'2025-08-14 14:12:00\'
WHERE "Id" = 6490')
 2 SYSTEMPATH\Database\BaseConnection.php(648): CodeIgniter\Database\BaseConnection->simpleQuery('UPDATE "Distrirex_Web"."dbo"."Usuarios" SET "FechaFinalizacion" = \'2025-08-14 14:12:00\'
WHERE "Id" = 6490')
 3 SYSTEMPATH\Database\BaseBuilder.php(2516): CodeIgniter\Database\BaseConnection->query('UPDATE "Distrirex_Web"."dbo"."Usuarios" SET "FechaFinalizacion" = :FechaFinalizacion:
WHERE "Id" = :Id:', [...], false)
 4 APPPATH\Models\UsuariosModel.php(68): CodeIgniter\Database\BaseBuilder->update()
 5 APPPATH\Controllers\LoginController.php(121): App\Models\UsuariosModel->bloquearUsuario(6490)
 6 SYSTEMPATH\CodeIgniter.php(933): App\Controllers\LoginController->verifyUser()
 7 SYSTEMPATH\CodeIgniter.php(509): CodeIgniter\CodeIgniter->runController(Object(App\Controllers\LoginController))
 8 SYSTEMPATH\CodeIgniter.php(355): CodeIgniter\CodeIgniter->handleRequest(null, Object(Config\Cache), false)
 9 SYSTEMPATH\Boot.php(325): CodeIgniter\CodeIgniter->run()
10 SYSTEMPATH\Boot.php(67): CodeIgniter\Boot::runCodeIgniter(Object(CodeIgniter\CodeIgniter))
11 FCPATH\index.php(56): CodeIgniter\Boot::bootWeb(Object(Config\Paths))
ERROR - 2025-08-14 14:13:05 --> [Microsoft][ODBC Driver 17 for SQL Server][SQL Server]La conversión del tipo de datos varchar en datetime produjo un valor fuera de intervalo.
CRITICAL - 2025-08-14 14:13:05 --> CodeIgniter\Database\Exceptions\DatabaseException: [Microsoft][ODBC Driver 17 for SQL Server][SQL Server]La conversión del tipo de datos varchar en datetime produjo un valor fuera de intervalo.
[Method: POST, Route: verifyUser]
in SYSTEMPATH\Database\BaseConnection.php on line 688.
 1 SYSTEMPATH\Database\BaseBuilder.php(2516): CodeIgniter\Database\BaseConnection->query('UPDATE "Distrirex_Web"."dbo"."Usuarios" SET "FechaFinalizacion" = :FechaFinalizacion:
WHERE "Id" = :Id:', [...], false)
 2 APPPATH\Models\UsuariosModel.php(68): CodeIgniter\Database\BaseBuilder->update()
 3 APPPATH\Controllers\LoginController.php(121): App\Models\UsuariosModel->bloquearUsuario(6490)
 4 SYSTEMPATH\CodeIgniter.php(933): App\Controllers\LoginController->verifyUser()
 5 SYSTEMPATH\CodeIgniter.php(509): CodeIgniter\CodeIgniter->runController(Object(App\Controllers\LoginController))
 6 SYSTEMPATH\CodeIgniter.php(355): CodeIgniter\CodeIgniter->handleRequest(null, Object(Config\Cache), false)
 7 SYSTEMPATH\Boot.php(325): CodeIgniter\CodeIgniter->run()
 8 SYSTEMPATH\Boot.php(67): CodeIgniter\Boot::runCodeIgniter(Object(CodeIgniter\CodeIgniter))
 9 FCPATH\index.php(56): CodeIgniter\Boot::bootWeb(Object(Config\Paths))
CRITICAL - 2025-08-14 14:13:05 --> [Caused by] CodeIgniter\Database\Exceptions\DatabaseException: [Microsoft][ODBC Driver 17 for SQL Server][SQL Server]La conversión del tipo de datos varchar en datetime produjo un valor fuera de intervalo.
in SYSTEMPATH\Database\SQLSRV\Connection.php on line 488.
 1 SYSTEMPATH\Database\BaseConnection.php(734): CodeIgniter\Database\SQLSRV\Connection->execute('UPDATE "Distrirex_Web"."dbo"."Usuarios" SET "FechaFinalizacion" = \'2025-08-14 14:13:05\'
WHERE "Id" = 6490')
 2 SYSTEMPATH\Database\BaseConnection.php(648): CodeIgniter\Database\BaseConnection->simpleQuery('UPDATE "Distrirex_Web"."dbo"."Usuarios" SET "FechaFinalizacion" = \'2025-08-14 14:13:05\'
WHERE "Id" = 6490')
 3 SYSTEMPATH\Database\BaseBuilder.php(2516): CodeIgniter\Database\BaseConnection->query('UPDATE "Distrirex_Web"."dbo"."Usuarios" SET "FechaFinalizacion" = :FechaFinalizacion:
WHERE "Id" = :Id:', [...], false)
 4 APPPATH\Models\UsuariosModel.php(68): CodeIgniter\Database\BaseBuilder->update()
 5 APPPATH\Controllers\LoginController.php(121): App\Models\UsuariosModel->bloquearUsuario(6490)
 6 SYSTEMPATH\CodeIgniter.php(933): App\Controllers\LoginController->verifyUser()
 7 SYSTEMPATH\CodeIgniter.php(509): CodeIgniter\CodeIgniter->runController(Object(App\Controllers\LoginController))
 8 SYSTEMPATH\CodeIgniter.php(355): CodeIgniter\CodeIgniter->handleRequest(null, Object(Config\Cache), false)
 9 SYSTEMPATH\Boot.php(325): CodeIgniter\CodeIgniter->run()
10 SYSTEMPATH\Boot.php(67): CodeIgniter\Boot::runCodeIgniter(Object(CodeIgniter\CodeIgniter))
11 FCPATH\index.php(56): CodeIgniter\Boot::bootWeb(Object(Config\Paths))
INFO - 2025-08-14 14:16:30 --> Session: Class initialized using 'CodeIgniter\Session\Handlers\FileHandler' driver.
ERROR - 2025-08-14 14:16:38 --> [Microsoft][ODBC Driver 17 for SQL Server][SQL Server]Error al convertir una cadena de caracteres en fecha y/u hora.
CRITICAL - 2025-08-14 14:16:38 --> CodeIgniter\Database\Exceptions\DatabaseException: [Microsoft][ODBC Driver 17 for SQL Server][SQL Server]Error al convertir una cadena de caracteres en fecha y/u hora.
[Method: POST, Route: verifyUser]
in SYSTEMPATH\Database\BaseConnection.php on line 688.
 1 SYSTEMPATH\Database\BaseBuilder.php(2516): CodeIgniter\Database\BaseConnection->query('UPDATE "Distrirex_Web"."dbo"."Usuarios" SET "FechaFinalizacion" = :FechaFinalizacion:
WHERE "Id" = :Id:', [...], false)
 2 APPPATH\Models\UsuariosModel.php(68): CodeIgniter\Database\BaseBuilder->update()
 3 APPPATH\Controllers\LoginController.php(121): App\Models\UsuariosModel->bloquearUsuario(6490)
 4 SYSTEMPATH\CodeIgniter.php(933): App\Controllers\LoginController->verifyUser()
 5 SYSTEMPATH\CodeIgniter.php(509): CodeIgniter\CodeIgniter->runController(Object(App\Controllers\LoginController))
 6 SYSTEMPATH\CodeIgniter.php(355): CodeIgniter\CodeIgniter->handleRequest(null, Object(Config\Cache), false)
 7 SYSTEMPATH\Boot.php(325): CodeIgniter\CodeIgniter->run()
 8 SYSTEMPATH\Boot.php(67): CodeIgniter\Boot::runCodeIgniter(Object(CodeIgniter\CodeIgniter))
 9 FCPATH\index.php(56): CodeIgniter\Boot::bootWeb(Object(Config\Paths))
CRITICAL - 2025-08-14 14:16:38 --> [Caused by] CodeIgniter\Database\Exceptions\DatabaseException: [Microsoft][ODBC Driver 17 for SQL Server][SQL Server]Error al convertir una cadena de caracteres en fecha y/u hora.
in SYSTEMPATH\Database\SQLSRV\Connection.php on line 488.
 1 SYSTEMPATH\Database\BaseConnection.php(734): CodeIgniter\Database\SQLSRV\Connection->execute('UPDATE "Distrirex_Web"."dbo"."Usuarios" SET "FechaFinalizacion" = \'2025-08-14-0514:16:38\'
WHERE "Id" = 6490')
 2 SYSTEMPATH\Database\BaseConnection.php(648): CodeIgniter\Database\BaseConnection->simpleQuery('UPDATE "Distrirex_Web"."dbo"."Usuarios" SET "FechaFinalizacion" = \'2025-08-14-0514:16:38\'
WHERE "Id" = 6490')
 3 SYSTEMPATH\Database\BaseBuilder.php(2516): CodeIgniter\Database\BaseConnection->query('UPDATE "Distrirex_Web"."dbo"."Usuarios" SET "FechaFinalizacion" = :FechaFinalizacion:
WHERE "Id" = :Id:', [...], false)
 4 APPPATH\Models\UsuariosModel.php(68): CodeIgniter\Database\BaseBuilder->update()
 5 APPPATH\Controllers\LoginController.php(121): App\Models\UsuariosModel->bloquearUsuario(6490)
 6 SYSTEMPATH\CodeIgniter.php(933): App\Controllers\LoginController->verifyUser()
 7 SYSTEMPATH\CodeIgniter.php(509): CodeIgniter\CodeIgniter->runController(Object(App\Controllers\LoginController))
 8 SYSTEMPATH\CodeIgniter.php(355): CodeIgniter\CodeIgniter->handleRequest(null, Object(Config\Cache), false)
 9 SYSTEMPATH\Boot.php(325): CodeIgniter\CodeIgniter->run()
10 SYSTEMPATH\Boot.php(67): CodeIgniter\Boot::runCodeIgniter(Object(CodeIgniter\CodeIgniter))
11 FCPATH\index.php(56): CodeIgniter\Boot::bootWeb(Object(Config\Paths))
INFO - 2025-08-14 14:18:13 --> Session: Class initialized using 'CodeIgniter\Session\Handlers\FileHandler' driver.
ERROR - 2025-08-14 14:18:26 --> [Microsoft][ODBC Driver 17 for SQL Server][SQL Server]La conversión del tipo de datos varchar en datetime produjo un valor fuera de intervalo.
CRITICAL - 2025-08-14 14:18:26 --> CodeIgniter\Database\Exceptions\DatabaseException: [Microsoft][ODBC Driver 17 for SQL Server][SQL Server]La conversión del tipo de datos varchar en datetime produjo un valor fuera de intervalo.
[Method: POST, Route: verifyUser]
in SYSTEMPATH\Database\BaseConnection.php on line 688.
 1 SYSTEMPATH\Database\BaseBuilder.php(2516): CodeIgniter\Database\BaseConnection->query('UPDATE "Distrirex_Web"."dbo"."Usuarios" SET "FechaFinalizacion" = :FechaFinalizacion:
WHERE "Id" = :Id:', [...], false)
 2 APPPATH\Models\UsuariosModel.php(68): CodeIgniter\Database\BaseBuilder->update()
 3 APPPATH\Controllers\LoginController.php(121): App\Models\UsuariosModel->bloquearUsuario(6490)
 4 SYSTEMPATH\CodeIgniter.php(933): App\Controllers\LoginController->verifyUser()
 5 SYSTEMPATH\CodeIgniter.php(509): CodeIgniter\CodeIgniter->runController(Object(App\Controllers\LoginController))
 6 SYSTEMPATH\CodeIgniter.php(355): CodeIgniter\CodeIgniter->handleRequest(null, Object(Config\Cache), false)
 7 SYSTEMPATH\Boot.php(325): CodeIgniter\CodeIgniter->run()
 8 SYSTEMPATH\Boot.php(67): CodeIgniter\Boot::runCodeIgniter(Object(CodeIgniter\CodeIgniter))
 9 FCPATH\index.php(56): CodeIgniter\Boot::bootWeb(Object(Config\Paths))
CRITICAL - 2025-08-14 14:18:26 --> [Caused by] CodeIgniter\Database\Exceptions\DatabaseException: [Microsoft][ODBC Driver 17 for SQL Server][SQL Server]La conversión del tipo de datos varchar en datetime produjo un valor fuera de intervalo.
in SYSTEMPATH\Database\SQLSRV\Connection.php on line 488.
 1 SYSTEMPATH\Database\BaseConnection.php(734): CodeIgniter\Database\SQLSRV\Connection->execute('UPDATE "Distrirex_Web"."dbo"."Usuarios" SET "FechaFinalizacion" = \'2025-08-14 14:18:26\'
WHERE "Id" = 6490')
 2 SYSTEMPATH\Database\BaseConnection.php(648): CodeIgniter\Database\BaseConnection->simpleQuery('UPDATE "Distrirex_Web"."dbo"."Usuarios" SET "FechaFinalizacion" = \'2025-08-14 14:18:26\'
WHERE "Id" = 6490')
 3 SYSTEMPATH\Database\BaseBuilder.php(2516): CodeIgniter\Database\BaseConnection->query('UPDATE "Distrirex_Web"."dbo"."Usuarios" SET "FechaFinalizacion" = :FechaFinalizacion:
WHERE "Id" = :Id:', [...], false)
 4 APPPATH\Models\UsuariosModel.php(68): CodeIgniter\Database\BaseBuilder->update()
 5 APPPATH\Controllers\LoginController.php(121): App\Models\UsuariosModel->bloquearUsuario(6490)
 6 SYSTEMPATH\CodeIgniter.php(933): App\Controllers\LoginController->verifyUser()
 7 SYSTEMPATH\CodeIgniter.php(509): CodeIgniter\CodeIgniter->runController(Object(App\Controllers\LoginController))
 8 SYSTEMPATH\CodeIgniter.php(355): CodeIgniter\CodeIgniter->handleRequest(null, Object(Config\Cache), false)
 9 SYSTEMPATH\Boot.php(325): CodeIgniter\CodeIgniter->run()
10 SYSTEMPATH\Boot.php(67): CodeIgniter\Boot::runCodeIgniter(Object(CodeIgniter\CodeIgniter))
11 FCPATH\index.php(56): CodeIgniter\Boot::bootWeb(Object(Config\Paths))
INFO - 2025-08-14 14:21:15 --> Session: Class initialized using 'CodeIgniter\Session\Handlers\FileHandler' driver.
INFO - 2025-08-14 14:38:00 --> Session: Class initialized using 'CodeIgniter\Session\Handlers\FileHandler' driver.
CRITICAL - 2025-08-14 14:39:13 --> Error: Undefined constant "App\Controllers\console"
[Method: POST, Route: verifyUser]
in APPPATH\Controllers\LoginController.php on line 76.
 1 SYSTEMPATH\CodeIgniter.php(933): App\Controllers\LoginController->verifyUser()
 2 SYSTEMPATH\CodeIgniter.php(509): CodeIgniter\CodeIgniter->runController(Object(App\Controllers\LoginController))
 3 SYSTEMPATH\CodeIgniter.php(355): CodeIgniter\CodeIgniter->handleRequest(null, Object(Config\Cache), false)
 4 SYSTEMPATH\Boot.php(325): CodeIgniter\CodeIgniter->run()
 5 SYSTEMPATH\Boot.php(67): CodeIgniter\Boot::runCodeIgniter(Object(CodeIgniter\CodeIgniter))
 6 FCPATH\index.php(56): CodeIgniter\Boot::bootWeb(Object(Config\Paths))
INFO - 2025-08-14 14:39:39 --> Session: Class initialized using 'CodeIgniter\Session\Handlers\FileHandler' driver.
INFO - 2025-08-14 14:39:52 --> Session: Class initialized using 'CodeIgniter\Session\Handlers\FileHandler' driver.
INFO - 2025-08-14 14:40:07 --> Session: Class initialized using 'CodeIgniter\Session\Handlers\FileHandler' driver.
INFO - 2025-08-14 14:40:08 --> Session: Class initialized using 'CodeIgniter\Session\Handlers\FileHandler' driver.
INFO - 2025-08-14 14:40:12 --> Session: Class initialized using 'CodeIgniter\Session\Handlers\FileHandler' driver.
INFO - 2025-08-14 14:40:12 --> Session: Class initialized using 'CodeIgniter\Session\Handlers\FileHandler' driver.
INFO - 2025-08-14 14:47:46 --> Session: Class initialized using 'CodeIgniter\Session\Handlers\FileHandler' driver.
INFO - 2025-08-14 14:48:50 --> Session: Class initialized using 'CodeIgniter\Session\Handlers\FileHandler' driver.
INFO - 2025-08-14 14:49:24 --> Session: Class initialized using 'CodeIgniter\Session\Handlers\FileHandler' driver.
INFO - 2025-08-14 14:49:43 --> Session: Class initialized using 'CodeIgniter\Session\Handlers\FileHandler' driver.
INFO - 2025-08-14 14:49:56 --> Session: Class initialized using 'CodeIgniter\Session\Handlers\FileHandler' driver.
INFO - 2025-08-14 15:09:32 --> Session: Class initialized using 'CodeIgniter\Session\Handlers\FileHandler' driver.
INFO - 2025-08-14 15:09:32 --> Session: Class initialized using 'CodeIgniter\Session\Handlers\FileHandler' driver.
INFO - 2025-08-14 15:24:38 --> Session: Class initialized using 'CodeIgniter\Session\Handlers\FileHandler' driver.
INFO - 2025-08-14 15:24:38 --> Session: Class initialized using 'CodeIgniter\Session\Handlers\FileHandler' driver.
INFO - 2025-08-14 15:41:54 --> Session: Class initialized using 'CodeIgniter\Session\Handlers\FileHandler' driver.
INFO - 2025-08-14 15:41:54 --> Session: Class initialized using 'CodeIgniter\Session\Handlers\FileHandler' driver.
INFO - 2025-08-14 15:57:30 --> Session: Class initialized using 'CodeIgniter\Session\Handlers\FileHandler' driver.
INFO - 2025-08-14 15:57:30 --> Session: Class initialized using 'CodeIgniter\Session\Handlers\FileHandler' driver.
INFO - 2025-08-14 16:12:36 --> Session: Class initialized using 'CodeIgniter\Session\Handlers\FileHandler' driver.
INFO - 2025-08-14 16:12:36 --> Session: Class initialized using 'CodeIgniter\Session\Handlers\FileHandler' driver.
INFO - 2025-08-14 16:27:41 --> Session: Class initialized using 'CodeIgniter\Session\Handlers\FileHandler' driver.
INFO - 2025-08-14 16:27:41 --> Session: Class initialized using 'CodeIgniter\Session\Handlers\FileHandler' driver.
INFO - 2025-08-14 16:52:03 --> Session: Class initialized using 'CodeIgniter\Session\Handlers\FileHandler' driver.
INFO - 2025-08-14 16:52:03 --> Session: Class initialized using 'CodeIgniter\Session\Handlers\FileHandler' driver.
INFO - 2025-08-14 17:01:00 --> Session: Class initialized using 'CodeIgniter\Session\Handlers\FileHandler' driver.
INFO - 2025-08-14 17:01:46 --> Session: Class initialized using 'CodeIgniter\Session\Handlers\FileHandler' driver.
INFO - 2025-08-14 17:16:53 --> Session: Class initialized using 'CodeIgniter\Session\Handlers\FileHandler' driver.
INFO - 2025-08-14 17:16:53 --> Session: Class initialized using 'CodeIgniter\Session\Handlers\FileHandler' driver.
INFO - 2025-08-14 17:25:07 --> Session: Class initialized using 'CodeIgniter\Session\Handlers\FileHandler' driver.
INFO - 2025-08-14 17:42:11 --> Session: Class initialized using 'CodeIgniter\Session\Handlers\FileHandler' driver.
INFO - 2025-08-14 17:42:11 --> Session: Class initialized using 'CodeIgniter\Session\Handlers\FileHandler' driver.
INFO - 2025-08-14 17:57:16 --> Session: Class initialized using 'CodeIgniter\Session\Handlers\FileHandler' driver.
INFO - 2025-08-14 17:57:16 --> Session: Class initialized using 'CodeIgniter\Session\Handlers\FileHandler' driver.
INFO - 2025-08-14 18:12:20 --> Session: Class initialized using 'CodeIgniter\Session\Handlers\FileHandler' driver.
INFO - 2025-08-14 18:12:20 --> Session: Class initialized using 'CodeIgniter\Session\Handlers\FileHandler' driver.
INFO - 2025-08-14 18:27:24 --> Session: Class initialized using 'CodeIgniter\Session\Handlers\FileHandler' driver.
INFO - 2025-08-14 18:27:24 --> Session: Class initialized using 'CodeIgniter\Session\Handlers\FileHandler' driver.
INFO - 2025-08-14 18:42:28 --> Session: Class initialized using 'CodeIgniter\Session\Handlers\FileHandler' driver.
INFO - 2025-08-14 18:42:28 --> Session: Class initialized using 'CodeIgniter\Session\Handlers\FileHandler' driver.
INFO - 2025-08-14 18:57:33 --> Session: Class initialized using 'CodeIgniter\Session\Handlers\FileHandler' driver.
INFO - 2025-08-14 18:57:33 --> Session: Class initialized using 'CodeIgniter\Session\Handlers\FileHandler' driver.
INFO - 2025-08-14 19:12:37 --> Session: Class initialized using 'CodeIgniter\Session\Handlers\FileHandler' driver.
INFO - 2025-08-14 19:12:37 --> Session: Class initialized using 'CodeIgniter\Session\Handlers\FileHandler' driver.
INFO - 2025-08-14 19:27:41 --> Session: Class initialized using 'CodeIgniter\Session\Handlers\FileHandler' driver.
INFO - 2025-08-14 19:27:41 --> Session: Class initialized using 'CodeIgniter\Session\Handlers\FileHandler' driver.
INFO - 2025-08-14 19:42:45 --> Session: Class initialized using 'CodeIgniter\Session\Handlers\FileHandler' driver.
INFO - 2025-08-14 19:42:45 --> Session: Class initialized using 'CodeIgniter\Session\Handlers\FileHandler' driver.
INFO - 2025-08-14 19:57:50 --> Session: Class initialized using 'CodeIgniter\Session\Handlers\FileHandler' driver.
INFO - 2025-08-14 19:57:50 --> Session: Class initialized using 'CodeIgniter\Session\Handlers\FileHandler' driver.
INFO - 2025-08-14 20:12:55 --> Session: Class initialized using 'CodeIgniter\Session\Handlers\FileHandler' driver.
INFO - 2025-08-14 20:12:55 --> Session: Class initialized using 'CodeIgniter\Session\Handlers\FileHandler' driver.
INFO - 2025-08-14 20:27:59 --> Session: Class initialized using 'CodeIgniter\Session\Handlers\FileHandler' driver.
INFO - 2025-08-14 20:27:59 --> Session: Class initialized using 'CodeIgniter\Session\Handlers\FileHandler' driver.
INFO - 2025-08-14 20:43:03 --> Session: Class initialized using 'CodeIgniter\Session\Handlers\FileHandler' driver.
INFO - 2025-08-14 20:43:03 --> Session: Class initialized using 'CodeIgniter\Session\Handlers\FileHandler' driver.
INFO - 2025-08-14 20:58:08 --> Session: Class initialized using 'CodeIgniter\Session\Handlers\FileHandler' driver.
INFO - 2025-08-14 20:58:08 --> Session: Class initialized using 'CodeIgniter\Session\Handlers\FileHandler' driver.
INFO - 2025-08-14 21:13:12 --> Session: Class initialized using 'CodeIgniter\Session\Handlers\FileHandler' driver.
INFO - 2025-08-14 21:13:12 --> Session: Class initialized using 'CodeIgniter\Session\Handlers\FileHandler' driver.
INFO - 2025-08-14 21:28:16 --> Session: Class initialized using 'CodeIgniter\Session\Handlers\FileHandler' driver.
INFO - 2025-08-14 21:28:16 --> Session: Class initialized using 'CodeIgniter\Session\Handlers\FileHandler' driver.
INFO - 2025-08-14 21:43:20 --> Session: Class initialized using 'CodeIgniter\Session\Handlers\FileHandler' driver.
INFO - 2025-08-14 21:43:20 --> Session: Class initialized using 'CodeIgniter\Session\Handlers\FileHandler' driver.
INFO - 2025-08-14 21:58:25 --> Session: Class initialized using 'CodeIgniter\Session\Handlers\FileHandler' driver.
INFO - 2025-08-14 21:58:25 --> Session: Class initialized using 'CodeIgniter\Session\Handlers\FileHandler' driver.
INFO - 2025-08-14 22:13:29 --> Session: Class initialized using 'CodeIgniter\Session\Handlers\FileHandler' driver.
INFO - 2025-08-14 22:13:29 --> Session: Class initialized using 'CodeIgniter\Session\Handlers\FileHandler' driver.
INFO - 2025-08-14 22:28:33 --> Session: Class initialized using 'CodeIgniter\Session\Handlers\FileHandler' driver.
INFO - 2025-08-14 22:28:33 --> Session: Class initialized using 'CodeIgniter\Session\Handlers\FileHandler' driver.
INFO - 2025-08-14 22:43:38 --> Session: Class initialized using 'CodeIgniter\Session\Handlers\FileHandler' driver.
INFO - 2025-08-14 22:43:38 --> Session: Class initialized using 'CodeIgniter\Session\Handlers\FileHandler' driver.
INFO - 2025-08-14 22:58:43 --> Session: Class initialized using 'CodeIgniter\Session\Handlers\FileHandler' driver.
INFO - 2025-08-14 22:58:43 --> Session: Class initialized using 'CodeIgniter\Session\Handlers\FileHandler' driver.
INFO - 2025-08-14 23:13:47 --> Session: Class initialized using 'CodeIgniter\Session\Handlers\FileHandler' driver.
INFO - 2025-08-14 23:13:47 --> Session: Class initialized using 'CodeIgniter\Session\Handlers\FileHandler' driver.
INFO - 2025-08-14 23:28:52 --> Session: Class initialized using 'CodeIgniter\Session\Handlers\FileHandler' driver.
INFO - 2025-08-14 23:28:52 --> Session: Class initialized using 'CodeIgniter\Session\Handlers\FileHandler' driver.
INFO - 2025-08-14 23:43:56 --> Session: Class initialized using 'CodeIgniter\Session\Handlers\FileHandler' driver.
INFO - 2025-08-14 23:43:56 --> Session: Class initialized using 'CodeIgniter\Session\Handlers\FileHandler' driver.
INFO - 2025-08-14 23:59:01 --> Session: Class initialized using 'CodeIgniter\Session\Handlers\FileHandler' driver.
INFO - 2025-08-14 23:59:01 --> Session: Class initialized using 'CodeIgniter\Session\Handlers\FileHandler' driver.
